Detecting C compiler ABI info failed to compile with the following output:
Change Dir: /Users/jokey/Panda/plot/xcode/CMakeFiles/CMakeTmp

Run Build Command(s):/usr/bin/xcodebuild -project CMAKE_TRY_COMPILE.xcodeproj build -target cmTC_12198 -configuration Debug -hideShellScriptEnvironment && Command line invocation:
    /Applications/Xcode.app/Contents/Developer/usr/bin/xcodebuild -project CMAKE_TRY_COMPILE.xcodeproj build -target cmTC_12198 -configuration Debug -hideShellScriptEnvironment

User defaults from command line:
    HideShellScriptEnvironment = YES

Prepare build
note: Using legacy build system
=== BUILD TARGET cmTC_12198 OF PROJECT CMAKE_TRY_COMPILE WITH CONFIGURATION Debug ===

Check dependencies

Write auxiliary files
/bin/mkdir -p /Users/jokey/Panda/plot/xcode/CMakeFiles/CMakeTmp/CMAKE_TRY_COMPILE.build/Debug/cmTC_12198.build/Objects-normal/x86_64
write-file /Users/jokey/Panda/plot/xcode/CMakeFiles/CMakeTmp/CMAKE_TRY_COMPILE.build/Debug/cmTC_12198.build/Objects-normal/x86_64/cmTC_12198.LinkFileList

CompileC /Users/jokey/Panda/plot/xcode/CMakeFiles/CMakeTmp/CMAKE_TRY_COMPILE.build/Debug/cmTC_12198.build/Objects-normal/x86_64/CMakeCCompilerABI.o /Users/usr/local/Cellar/cmake/3.17.2/share/cmake/Modules/CMakeCCompilerABI.c normal x86_64 c com.apple.compilers.llvm.clang.1_0.compiler
    cd /Users/jokey/Panda/workspace/plot/xcode/CMakeFiles/CMakeTmp
    /Applications/Xcode.app/Contents/Developer/Toolchains/XcodeDefault.xctoolchain/usr/bin/clang -x c -target x86_64-apple-macos10.15 -fmessage-length=0 -fdiagnostics-show-note-include-stack -fmacro-backtrace-limit=0 -Wno-trigraphs -fpascal-strings -O0 -Wno-missing-field-initializers -Wno-missing-prototypes -Wno-return-type -Wno-missing-braces -Wparentheses -Wswitch -Wno-unused-function -Wno-unused-label -Wno-unused-parameter -Wno-unused-variable -Wunused-value -Wno-empty-body -Wno-uninitialized -Wno-unknown-pragmas -Wno-shadow -Wno-four-char-constants -Wno-conversion -Wno-constant-conversion -Wno-int-conversion -Wno-bool-conversion -Wno-enum-conversion -Wno-float-conversion -Wno-non-literal-null-conversion -Wno-objc-literal-conversion -Wno-shorten-64-to-32 -Wpointer-sign -Wno-newline-eof -DCMAKE_INTDIR=\"Debug\" -isysroot /Applications/Xcode.app/Contents/Developer/Platforms/MacOSX.platform/Developer/SDKs/MacOSX10.15.sdk -fasm-blocks -fstrict-aliasing -Wdeprecated-declarations -g -Wno-sign-conversion -Wno-infinite-recursion -Wno-comma -Wno-block-capture-autoreleasing -Wno-strict-prototypes -Wno-semicolon-before-method-body -I/Users/jokey/Panda/plot/xcode/CMakeFiles/CMakeTmp/Debug/include -I/Users/jokey/Panda/plot/xcode/CMakeFiles/CMakeTmp/CMAKE_TRY_COMPILE.build/Debug/cmTC_12198.build/DerivedSources-normal/x86_64 -I/Users/jokey/Panda/plot/xcode/CMakeFiles/CMakeTmp/CMAKE_TRY_COMPILE.build/Debug/cmTC_12198.build/DerivedSources/x86_64 -I/Users/jokey/Panda/plot/xcode/CMakeFiles/CMakeTmp/CMAKE_TRY_COMPILE.build/Debug/cmTC_12198.build/DerivedSources -F/Users/jokey/Panda/plot/xcode/CMakeFiles/CMakeTmp/Debug -v -Wl,-v -MMD -MT dependencies -MF /Users/jokey/Panda/plot/xcode/CMakeFiles/CMakeTmp/CMAKE_TRY_COMPILE.build/Debug/cmTC_12198.build/Objects-normal/x86_64/CMakeCCompilerABI.d --serialize-diagnostics /Users/jokey/Panda/plot/xcode/CMakeFiles/CMakeTmp/CMAKE_TRY_COMPILE.build/Debug/cmTC_12198.build/Objects-normal/x86_64/CMakeCCompilerABI.dia -c /Users/usr/local/Cellar/cmake/3.17.2/share/cmake/Modules/CMakeCCompilerABI.c -o /Users/jokey/Panda/plot/xcode/CMakeFiles/CMakeTmp/CMAKE_TRY_COMPILE.build/Debug/cmTC_12198.build/Objects-normal/x86_64/CMakeCCompilerABI.o
Apple clang version 11.0.3 (clang-1103.0.32.62)
Target: x86_64-apple-macos10.15
Thread model: posix
InstalledDir: /Applications/Xcode.app/Contents/Developer/Toolchains/XcodeDefault.xctoolchain/usr/bin
clang: error: no such file or directory: '/Users/usr/local/Cellar/cmake/3.17.2/share/cmake/Modules/CMakeCCompilerABI.c'
clang: warning: -Wl,-v: 'linker' input unused [-Wunused-command-line-argument]

** BUILD FAILED **


The following build commands failed:
	CompileC /Users/jokey/Panda/plot/xcode/CMakeFiles/CMakeTmp/CMAKE_TRY_COMPILE.build/Debug/cmTC_12198.build/Objects-normal/x86_64/CMakeCCompilerABI.o /Users/usr/local/Cellar/cmake/3.17.2/share/cmake/Modules/CMakeCCompilerABI.c normal x86_64 c com.apple.compilers.llvm.clang.1_0.compiler
(1 failure)




